<?xml version="1.0" encoding="UTF-8"?>
<!-- Generated by org.testng.reporters.JUnitReportReporter -->
<testsuite skipped="0" hostname="DEVI" name="tests.CreateIncident" tests="1" failures="0" timestamp="25 Sep 2021 11:25:54 GMT" time="100.667" errors="0">
  <testcase name="createIncidentTest" time="100.667" classname="tests.CreateIncident"/>
</testsuite> <!-- tests.CreateIncident -->
