<?xml version="1.0" encoding="UTF-8"?>
<!-- Generated by org.testng.reporters.JUnitReportReporter -->
<testsuite skipped="0" hostname="DEVI" name="tests.TC_UpdateIncident" tests="1" failures="0" timestamp="26 Sep 2021 10:31:45 GMT" time="164.747" errors="0">
  <testcase name="updateIncident" time="164.747" classname="tests.TC_UpdateIncident"/>
</testsuite> <!-- tests.TC_UpdateIncident -->
