<?xml version="1.0" encoding="UTF-8"?>
<!-- Generated by org.testng.reporters.JUnitReportReporter -->
<testsuite skipped="0" hostname="DEVI" name="tests.UpdateIncident" tests="1" failures="0" timestamp="26 Sep 2021 02:39:53 GMT" time="57.706" errors="0">
  <testcase name="updateIncident" time="57.706" classname="tests.UpdateIncident"/>
</testsuite> <!-- tests.UpdateIncident -->
