<?xml version="1.0" encoding="UTF-8"?>
<!-- Generated by org.testng.reporters.JUnitReportReporter -->
<testsuite skipped="0" hostname="DEVI" name="tests.TC_AssignIncident" tests="1" failures="0" timestamp="26 Sep 2021 10:13:21 GMT" time="251.464" errors="0">
  <testcase name="assignIncident" time="251.464" classname="tests.TC_AssignIncident"/>
</testsuite> <!-- tests.TC_AssignIncident -->
